<?xml version="1.0" encoding="utf-8"?><testsuites name="pytest tests"><testsuite name="pytest" errors="0" failures="0" skipped="0" tests="106" time="318.603" timestamp="2026-06-18T16:32:44.054900+05:30" hostname="DESKTOP-VUCTA94"><testcase classname="tests.test_all_components" name="test_tc_001_welcome_page_ui_layout" time="5.862" /><testcase classname="tests.test_all_components" name="test_tc_002_welcome_page_theme_styling" time="4.759" /><testcase classname="tests.test_all_components" name="test_tc_003_welcome_page_get_started_redirect" time="5.079" /><testcase classname="tests.test_all_components" name="test_tc_004_welcome_page_login_redirect" time="4.614" /><testcase classname="tests.test_all_components" name="test_tc_005_welcome_page_responsiveness" time="4.913" /><testcase classname="tests.test_all_components" name="test_tc_006_welcome_page_load_performance" time="4.522" /><testcase classname="tests.test_all_components" name="test_tc_007_welcome_page_button_hover_animations" time="4.588" /><testcase classname="tests.test_all_components" name="test_tc_008_welcome_router_mapping" time="0.006" /><testcase classname="tests.test_all_components" name="test_tc_009_welcome_seo_meta_tags" time="4.715" /><testcase classname="tests.test_all_components" name="test_tc_010_welcome_contrast_ratios" time="4.847" /><testcase classname="tests.test_all_components" name="test_tc_011_login_ui_layout" time="5.466" /><testcase classname="tests.test_all_components" name="test_tc_012_login_successful" time="4.795" /><testcase classname="tests.test_all_components" name="test_tc_013_login_validation_empty_email" time="0.003" /><testcase classname="tests.test_all_components" name="test_tc_014_login_validation_empty_password" time="0.003" /><testcase classname="tests.test_all_components" name="test_tc_015_login_validation_invalid_email_format" time="0.003" /><testcase classname="tests.test_all_components" name="test_tc_016_login_incorrect_password" time="3.699" /><testcase classname="tests.test_all_components" name="test_tc_017_login_non_registered_email" time="3.678" /><testcase classname="tests.test_all_components" name="test_tc_018_login_redirect_to_register" time="3.761" /><testcase classname="tests.test_all_components" name="test_tc_019_login_loading_indicator" time="3.667" /><testcase classname="tests.test_all_components" name="test_tc_020_login_validator_logic" time="0.005" /><testcase classname="tests.test_all_components" name="test_tc_021_login_sql_injection_defense" time="0.006" /><testcase classname="tests.test_all_components" name="test_tc_022_login_password_toggle" time="3.693" /><testcase classname="tests.test_all_components" name="test_tc_023_register_ui_fields" time="3.746" /><testcase classname="tests.test_all_components" name="test_tc_024_register_successful" time="3.858" /><testcase classname="tests.test_all_components" name="test_tc_025_register_validation_short_name" time="0.005" /><testcase classname="tests.test_all_components" name="test_tc_026_register_validation_duplicate_email" time="0.006" /><testcase classname="tests.test_all_components" name="test_tc_027_register_validation_weak_password" time="0.002" /><testcase classname="tests.test_all_components" name="test_tc_028_register_validation_password_mismatch" time="0.002" /><testcase classname="tests.test_all_components" name="test_tc_029_register_skills_addition_removal" time="3.730" /><testcase classname="tests.test_all_components" name="test_tc_030_register_skills_dropdown_styling" time="3.674" /><testcase classname="tests.test_all_components" name="test_tc_031_register_profile_pic_preview" time="3.745" /><testcase classname="tests.test_all_components" name="test_tc_032_register_profile_pic_format" time="0.006" /><testcase classname="tests.test_all_components" name="test_tc_033_register_profile_pic_size" time="0.006" /><testcase classname="tests.test_all_components" name="test_tc_034_register_redirect_to_login" time="3.772" /><testcase classname="tests.test_all_components" name="test_tc_035_register_validation_logic" time="0.002" /><testcase classname="tests.test_all_components" name="test_tc_036_register_tab_indexing" time="3.714" /><testcase classname="tests.test_all_components" name="test_tc_037_register_firebase_auth_trigger" time="3.791" /><testcase classname="tests.test_all_components" name="test_tc_038_dashboard_ui_layout" time="3.820" /><testcase classname="tests.test_all_components" name="test_tc_039_dashboard_logout" time="3.878" /><testcase classname="tests.test_all_components" name="test_tc_040_dashboard_sidebar_navigation" time="3.665" /><testcase classname="tests.test_all_components" name="test_tc_041_dashboard_sidebar_highlight" time="3.830" /><testcase classname="tests.test_all_components" name="test_tc_042_dashboard_username_greeting" time="3.944" /><testcase classname="tests.test_all_components" name="test_tc_043_dashboard_tablet_responsive" time="3.838" /><testcase classname="tests.test_all_components" name="test_tc_044_dashboard_mobile_responsive" time="4.372" /><testcase classname="tests.test_all_components" name="test_tc_045_dashboard_state_loading" time="0.005" /><testcase classname="tests.test_all_components" name="test_tc_046_dashboard_notification_badge" time="3.640" /><testcase classname="tests.test_all_components" name="test_tc_047_dashboard_quick_actions" time="3.631" /><testcase classname="tests.test_all_components" name="test_tc_048_dashboard_route_guard_redirect" time="3.581" /><testcase classname="tests.test_all_components" name="test_tc_049_dashboard_theme_toggle" time="3.612" /><testcase classname="tests.test_all_components" name="test_tc_050_profile_ui_layout" time="3.867" /><testcase classname="tests.test_all_components" name="test_tc_051_profile_edit_button" time="3.696" /><testcase classname="tests.test_all_components" name="test_tc_052_profile_update_successful" time="3.415" /><testcase classname="tests.test_all_components" name="test_tc_053_profile_validation_rules" time="0.001" /><testcase classname="tests.test_all_components" name="test_tc_054_profile_firestore_sync" time="3.768" /><testcase classname="tests.test_all_components" name="test_tc_055_profile_theme_preference" time="3.626" /><testcase classname="tests.test_all_components" name="test_tc_056_profile_skills_list_styling" time="3.582" /><testcase classname="tests.test_all_components" name="test_tc_057_profile_delete_confirmation" time="3.737" /><testcase classname="tests.test_all_components" name="test_tc_058_profile_edit_discard" time="3.924" /><testcase classname="tests.test_all_components" name="test_tc_059_profile_serialization" time="0.003" /><testcase classname="tests.test_all_components" name="test_tc_060_profile_load_from_db" time="4.371" /><testcase classname="tests.test_all_components" name="test_tc_061_profile_skeleton_loader" time="3.667" /><testcase classname="tests.test_all_components" name="test_tc_062_skills_ui_layout" time="3.610" /><testcase classname="tests.test_all_components" name="test_tc_063_skills_addition" time="4.479" /><testcase classname="tests.test_all_components" name="test_tc_064_skills_removal" time="3.843" /><testcase classname="tests.test_all_components" name="test_tc_065_skills_duplicate_prevention" time="0.006" /><testcase classname="tests.test_all_components" name="test_tc_066_skills_search_filter" time="3.576" /><testcase classname="tests.test_all_components" name="test_tc_067_skills_level_selection" time="4.499" /><testcase classname="tests.test_all_components" name="test_tc_068_skills_level_badges" time="3.807" /><testcase classname="tests.test_all_components" name="test_tc_069_skills_list_sort" time="0.004" /><testcase classname="tests.test_all_components" name="test_tc_070_skills_sync_firestore" time="3.511" /><testcase classname="tests.test_all_components" name="test_tc_071_skills_empty_submission" time="0.002" /><testcase classname="tests.test_all_components" name="test_tc_072_connections_tabs" time="4.018" /><testcase classname="tests.test_all_components" name="test_tc_073_connections_send_request" time="3.894" /><testcase classname="tests.test_all_components" name="test_tc_074_connections_request_notification" time="3.698" /><testcase classname="tests.test_all_components" name="test_tc_075_connections_accept_request" time="3.492" /><testcase classname="tests.test_all_components" name="test_tc_076_connections_decline_request" time="3.739" /><testcase classname="tests.test_all_components" name="test_tc_077_connections_remove_connection" time="3.911" /><testcase classname="tests.test_all_components" name="test_tc_078_connections_duplicate_request" time="0.004" /><testcase classname="tests.test_all_components" name="test_tc_079_connections_card_ui" time="3.761" /><testcase classname="tests.test_all_components" name="test_tc_080_connections_state_transitions" time="0.004" /><testcase classname="tests.test_all_components" name="test_tc_081_connections_click_profile" time="4.004" /><testcase classname="tests.test_all_components" name="test_tc_082_chat_list_ui" time="3.865" /><testcase classname="tests.test_all_components" name="test_tc_083_chat_load_history" time="3.997" /><testcase classname="tests.test_all_components" name="test_tc_084_chat_send_text" time="4.509" /><testcase classname="tests.test_all_components" name="test_tc_085_chat_empty_message" time="0.003" /><testcase classname="tests.test_all_components" name="test_tc_086_chat_unread_badge" time="4.442" /><testcase classname="tests.test_all_components" name="test_tc_087_chat_bubbles_color" time="3.818" /><testcase classname="tests.test_all_components" name="test_tc_088_chat_attachments" time="3.665" /><testcase classname="tests.test_all_components" name="test_tc_089_chat_date_formatting" time="0.007" /><testcase classname="tests.test_all_components" name="test_tc_090_chat_typing_indicator" time="3.739" /><testcase classname="tests.test_all_components" name="test_tc_091_chat_search" time="3.739" /><testcase classname="tests.test_all_components" name="test_tc_092_group_chat_list_ui" time="3.650" /><testcase classname="tests.test_all_components" name="test_tc_093_group_chat_create_button" time="3.592" /><testcase classname="tests.test_all_components" name="test_tc_094_group_chat_create_successful" time="3.953" /><testcase classname="tests.test_all_components" name="test_tc_095_group_chat_empty_title" time="0.002" /><testcase classname="tests.test_all_components" name="test_tc_096_group_chat_message_distribution" time="4.010" /><testcase classname="tests.test_all_components" name="test_tc_097_group_chat_headers" time="3.830" /><testcase classname="tests.test_all_components" name="test_tc_098_group_chat_add_members" time="4.521" /><testcase classname="tests.test_all_components" name="test_tc_099_group_chat_leave" time="3.790" /><testcase classname="tests.test_all_components" name="test_tc_100_group_creation_payload" time="0.004" /><testcase classname="tests.test_all_components" name="test_tc_101_group_chat_history" time="3.631" /><testcase classname="tests.test_all_components" name="test_tc_102_ai_matching_ui" time="3.792" /><testcase classname="tests.test_all_components" name="test_tc_103_ai_matching_recommendations_load" time="3.680" /><testcase classname="tests.test_all_components" name="test_tc_104_ai_matching_filter_connected" time="3.755" /><testcase classname="tests.test_all_components" name="test_tc_105_ai_matching_empty_state_placeholder" time="3.949" /><testcase classname="tests.test_all_components" name="test_tc_106_ai_matching_score_calculation" time="0.005" /></testsuite></testsuites>